d:\for studies\programming\wip\lab2_electro_store\lab-2-e-store\x64\debug\lab2_electro_store.pdb
d:\for studies\programming\wip\lab2_electro_store\lab-2-e-store\x64\debug\lab2_electro_store.idb
d:\for studies\programming\wip\lab2_electro_store\lab-2-e-store\lab2_electro_store\x64\debug\library.obj
d:\for studies\programming\wip\lab2_electro_store\lab-2-e-store\x64\debug\lab2_electro_store.lib
d:\for studies\programming\wip\lab2_electro_store\lab-2-e-store\lab2_electro_store\x64\debug\vc143.idb
d:\for studies\programming\wip\lab2_electro_store\lab-2-e-store\lab2_electro_store\x64\debug\vc143.pdb
d:\for studies\programming\wip\lab2_electro_store\lab-2-e-store\lab2_electro_store\x64\debug\lab2_ele.9998df24.tlog\cl.command.1.tlog
d:\for studies\programming\wip\lab2_electro_store\lab-2-e-store\lab2_electro_store\x64\debug\lab2_ele.9998df24.tlog\cl.read.1.tlog
d:\for studies\programming\wip\lab2_electro_store\lab-2-e-store\lab2_electro_store\x64\debug\lab2_ele.9998df24.tlog\cl.write.1.tlog
d:\for studies\programming\wip\lab2_electro_store\lab-2-e-store\lab2_electro_store\x64\debug\lab2_ele.9998df24.tlog\lib-link.read.1.tlog
d:\for studies\programming\wip\lab2_electro_store\lab-2-e-store\lab2_electro_store\x64\debug\lab2_ele.9998df24.tlog\lib-link.write.1.tlog
d:\for studies\programming\wip\lab2_electro_store\lab-2-e-store\lab2_electro_store\x64\debug\lab2_ele.9998df24.tlog\lib.command.1.tlog
d:\for studies\programming\wip\lab2_electro_store\lab-2-e-store\lab2_electro_store\x64\debug\lab2_ele.9998df24.tlog\link-cvtres.read.1.tlog
d:\for studies\programming\wip\lab2_electro_store\lab-2-e-store\lab2_electro_store\x64\debug\lab2_ele.9998df24.tlog\link-cvtres.write.1.tlog
d:\for studies\programming\wip\lab2_electro_store\lab-2-e-store\lab2_electro_store\x64\debug\lab2_ele.9998df24.tlog\link-rc.read.1.tlog
d:\for studies\programming\wip\lab2_electro_store\lab-2-e-store\lab2_electro_store\x64\debug\lab2_ele.9998df24.tlog\link-rc.write.1.tlog
d:\for studies\programming\wip\lab2_electro_store\lab-2-e-store\lab2_electro_store\x64\debug\lab2_ele.9998df24.tlog\link.command.1.tlog
d:\for studies\programming\wip\lab2_electro_store\lab-2-e-store\lab2_electro_store\x64\debug\lab2_ele.9998df24.tlog\link.read.1.tlog
d:\for studies\programming\wip\lab2_electro_store\lab-2-e-store\lab2_electro_store\x64\debug\lab2_ele.9998df24.tlog\link.read.2.tlog
d:\for studies\programming\wip\lab2_electro_store\lab-2-e-store\lab2_electro_store\x64\debug\lab2_ele.9998df24.tlog\link.write.1.tlog
